network init start

hyperparameters
init_weight_range 0.000000 ,xavier
learning_rate 0.000200
lambda1 0.000000
lambda2 0.000000
dropout 0.020000
minibatch size 32

   DENSE CONVOLUTION  [    8     8     2] [    3     3     8] [    8     8    10] [       144          8][      9728]
                RELU  [    8     8    10] [    1     1     1] [    8     8    10] [         0          0][      1280]
   DENSE CONVOLUTION  [    8     8    10] [    3     3     8] [    8     8    18] [       720          8][     46592]
                RELU  [    8     8    18] [    1     1     1] [    8     8    18] [         0          0][      2304]
   DENSE CONVOLUTION  [    8     8    18] [    3     3     8] [    8     8    26] [      1296          8][     83456]
                RELU  [    8     8    26] [    1     1     1] [    8     8    26] [         0          0][      3328]
   DENSE CONVOLUTION  [    8     8    26] [    3     3     8] [    8     8    34] [      1872          8][    120320]
                RELU  [    8     8    34] [    1     1     1] [    8     8    34] [         0          0][      4352]
             DROPOUT  [    8     8    34] [    1     1     1] [    8     8    34] [         0          0][      4352]
                  FC  [    8     8    34] [    1     1     4] [    1     1     4] [      8704          4][     17416]

input_geometry  [8 8 2]
output_geometry [1 1 4]
network flops operations 293128 FLOPS, 0.000293 GFLOPS
init DONE

network destructor done
