network init start

hyperparameters
init_weight_range 0.000000 ,xavier
learning_rate 0.001000
lambda1 0.000001
lambda2 0.000001
dropout 0.020000
minibatch size 32

                  FC  [    1     1    27] [    1     1    32] [    1     1    32] [       864         32][      1792]
                RELU  [    1     1    32] [    1     1     1] [    1     1    32] [         0          0][        64]
                  FC  [    1     1    32] [    1     1    32] [    1     1    32] [      1024         32][      2112]
                RELU  [    1     1    32] [    1     1     1] [    1     1    32] [         0          0][        64]
             DROPOUT  [    1     1    32] [    1     1     1] [    1     1    32] [         0          0][        64]
                  FC  [    1     1    32] [    1     1     4] [    1     1     4] [       128          4][       264]

input_geometry  [1 1 27]
output_geometry [1 1 4]
network flops operations 4360 FLOPS, 0.000004 GFLOPS
init DONE

network destructor done
network destructor done
