network init start

hyperparameters
init_weight_range 0.000000 ,xavier
learning_rate 0.001000
lambda1 0.000000
lambda2 0.000000
dropout 0.020000
minibatch size 32

                  FC  [    1     1    32] [    1     1   256] [    1     1   256] [      8192        256][     16896]
                RELU  [    1     1   256] [    1     1     1] [    1     1   256] [         0          0][       512]
                  FC  [    1     1   256] [    1     1    64] [    1     1    64] [     16384         64][     32896]
                RELU  [    1     1    64] [    1     1     1] [    1     1    64] [         0          0][       128]
                  FC  [    1     1    64] [    1     1    32] [    1     1    32] [      2048         32][      4160]
                RELU  [    1     1    32] [    1     1     1] [    1     1    32] [         0          0][        64]
             DROPOUT  [    1     1    32] [    1     1     1] [    1     1    32] [         0          0][        64]
                  FC  [    1     1    32] [    1     1     4] [    1     1     4] [       128          4][       264]

input_geometry  [1 1 32]
output_geometry [1 1 4]
network flops operations 54984 FLOPS, 0.000055 GFLOPS
init DONE

